# JRE version: Java(TM) SE Runtime Environment (8.0_144-b01) (build 1.8.0_144-b01)
# Java VM: Java HotSpot(TM) 64-Bit Server VM (25.144-b01 mixed mode windows-amd64 compressed oops)
Heap:
 PSYoungGen      total 80896K, used 33702K [0x00000000d5b80000, 0x00000000dba80000, 0x0000000100000000)
  eden space 65536K, 28% used [0x00000000d5b80000,0x00000000d6d71bc0,0x00000000d9b80000)
  from space 15360K, 99% used [0x00000000d9b80000,0x00000000daa78010,0x00000000daa80000)
  to   space 14336K, 0% used [0x00000000daa80000,0x00000000daa80000,0x00000000db880000)
 ParOldGen       total 87552K, used 23844K [0x0000000081200000, 0x0000000086780000, 0x00000000d5b80000)
  object space 87552K, 27% used [0x0000000081200000,0x0000000082949170,0x0000000086780000)
 Metaspace       used 19313K, capacity 19614K, committed 19968K, reserved 1069056K
  class space    used 2412K, capacity 2517K, committed 2560K, reserved 1048576K
GC Heap History (10 events):
Event: 2.282 GC heap before
{Heap before GC invocations=3 (full 0):
 PSYoungGen      total 38400K, used 38393K [0x00000000d5b80000, 0x00000000d8600000, 0x0000000100000000)
  eden space 33280K, 100% used [0x00000000d5b80000,0x00000000d7c00000,0x00000000d7c00000)
  from space 5120K, 99% used [0x00000000d8100000,0x00000000d85fe480,0x00000000d8600000)
  to   space 5120K, 0% used [0x00000000d7c00000,0x00000000d7c00000,0x00000000d8100000)
 ParOldGen       total 87552K, used 996K [0x0000000081200000, 0x0000000086780000, 0x00000000d5b80000)
  object space 87552K, 1% used [0x0000000081200000,0x00000000812f92f8,0x0000000086780000)
 Metaspace       used 9214K, capacity 9330K, committed 9600K, reserved 1058816K
  class space    used 1072K, capacity 1111K, committed 1152K, reserved 1048576K
Event: 2.290 GC heap after
Heap after GC invocations=3 (full 0):
 PSYoungGen      total 38400K, used 5114K [0x00000000d5b80000, 0x00000000d8600000, 0x0000000100000000)
  eden space 33280K, 0% used [0x00000000d5b80000,0x00000000d5b80000,0x00000000d7c00000)
  from space 5120K, 99% used [0x00000000d7c00000,0x00000000d80fe9b0,0x00000000d8100000)
  to   space 5120K, 0% used [0x00000000d8100000,0x00000000d8100000,0x00000000d8600000)
 ParOldGen       total 87552K, used 4507K [0x0000000081200000, 0x0000000086780000, 0x00000000d5b80000)
  object space 87552K, 5% used [0x0000000081200000,0x0000000081666d80,0x0000000086780000)
 Metaspace       used 9214K, capacity 9330K, committed 9600K, reserved 1058816K
  class space    used 1072K, capacity 1111K, committed 1152K, reserved 1048576K
}
Event: 3.296 GC heap before
{Heap before GC invocations=4 (full 0):
 PSYoungGen      total 38400K, used 38394K [0x00000000d5b80000, 0x00000000d8600000, 0x0000000100000000)
  eden space 33280K, 100% used [0x00000000d5b80000,0x00000000d7c00000,0x00000000d7c00000)
  from space 5120K, 99% used [0x00000000d7c00000,0x00000000d80fe9b0,0x00000000d8100000)
  to   space 5120K, 0% used [0x00000000d8100000,0x00000000d8100000,0x00000000d8600000)
 ParOldGen       total 87552K, used 4507K [0x0000000081200000, 0x0000000086780000, 0x00000000d5b80000)
  object space 87552K, 5% used [0x0000000081200000,0x0000000081666d80,0x0000000086780000)
 Metaspace       used 14248K, capacity 14550K, committed 14720K, reserved 1062912K
  class space    used 1690K, capacity 1801K, committed 1920K, reserved 1048576K
Event: 3.306 GC heap after
Heap after GC invocations=4 (full 0):
 PSYoungGen      total 38400K, used 5105K [0x00000000d5b80000, 0x00000000d8600000, 0x0000000100000000)
  eden space 33280K, 0% used [0x00000000d5b80000,0x00000000d5b80000,0x00000000d7c00000)
  from space 5120K, 99% used [0x00000000d8100000,0x00000000d85fc688,0x00000000d8600000)
  to   space 5120K, 0% used [0x00000000d7c00000,0x00000000d7c00000,0x00000000d8100000)
 ParOldGen       total 87552K, used 8141K [0x0000000081200000, 0x0000000086780000, 0x00000000d5b80000)
  object space 87552K, 9% used [0x0000000081200000,0x00000000819f37f0,0x0000000086780000)
 Metaspace       used 14248K, capacity 14550K, committed 14720K, reserved 1062912K
  class space    used 1690K, capacity 1801K, committed 1920K, reserved 1048576K
}
Event: 3.535 GC heap before
{Heap before GC invocations=5 (full 0):
 PSYoungGen      total 38400K, used 38385K [0x00000000d5b80000, 0x00000000d8600000, 0x0000000100000000)
  eden space 33280K, 100% used [0x00000000d5b80000,0x00000000d7c00000,0x00000000d7c00000)
  from space 5120K, 99% used [0x00000000d8100000,0x00000000d85fc688,0x00000000d8600000)
  to   space 5120K, 0% used [0x00000000d7c00000,0x00000000d7c00000,0x00000000d8100000)
 ParOldGen       total 87552K, used 8141K [0x0000000081200000, 0x0000000086780000, 0x00000000d5b80000)
  object space 87552K, 9% used [0x0000000081200000,0x00000000819f37f0,0x0000000086780000)
 Metaspace       used 14971K, capacity 15246K, committed 15488K, reserved 1062912K
  class space    used 1788K, capacity 1901K, committed 1920K, reserved 1048576K
Event: 3.551 GC heap after
Heap after GC invocations=5 (full 0):
 PSYoungGen      total 38400K, used 5116K [0x00000000d5b80000, 0x00000000db880000, 0x0000000100000000)
  eden space 33280K, 0% used [0x00000000d5b80000,0x00000000d5b80000,0x00000000d7c00000)
  from space 5120K, 99% used [0x00000000d7c00000,0x00000000d80ff2c0,0x00000000d8100000)
  to   space 14336K, 0% used [0x00000000daa80000,0x00000000daa80000,0x00000000db880000)
 ParOldGen       total 87552K, used 15018K [0x0000000081200000, 0x0000000086780000, 0x00000000d5b80000)
  object space 87552K, 17% used [0x0000000081200000,0x00000000820aa840,0x0000000086780000)
 Metaspace       used 14971K, capacity 15246K, committed 15488K, reserved 1062912K
  class space    used 1788K, capacity 1901K, committed 1920K, reserved 1048576K
}
Event: 3.663 GC heap before
{Heap before GC invocations=6 (full 0):
 PSYoungGen      total 38400K, used 38396K [0x00000000d5b80000, 0x00000000db880000, 0x0000000100000000)
  eden space 33280K, 100% used [0x00000000d5b80000,0x00000000d7c00000,0x00000000d7c00000)
  from space 5120K, 99% used [0x00000000d7c00000,0x00000000d80ff2c0,0x00000000d8100000)
  to   space 14336K, 0% used [0x00000000daa80000,0x00000000daa80000,0x00000000db880000)
 ParOldGen       total 87552K, used 15018K [0x0000000081200000, 0x0000000086780000, 0x00000000d5b80000)
  object space 87552K, 17% used [0x0000000081200000,0x00000000820aa840,0x0000000086780000)
 Metaspace       used 15558K, capacity 15822K, committed 16128K, reserved 1062912K
  class space    used 1848K, capacity 1965K, committed 2048K, reserved 1048576K
Event: 3.695 GC heap after
Heap after GC invocations=6 (full 0):
 PSYoungGen      total 79872K, used 11564K [0x00000000d5b80000, 0x00000000dba80000, 0x0000000100000000)
  eden space 65536K, 0% used [0x00000000d5b80000,0x00000000d5b80000,0x00000000d9b80000)
  from space 14336K, 80% used [0x00000000daa80000,0x00000000db5cb2d0,0x00000000db880000)
  to   space 15360K, 0% used [0x00000000d9b80000,0x00000000d9b80000,0x00000000daa80000)
 ParOldGen       total 87552K, used 15018K [0x0000000081200000, 0x0000000086780000, 0x00000000d5b80000)
  object space 87552K, 17% used [0x0000000081200000,0x00000000820aa840,0x0000000086780000)
 Metaspace       used 15558K, capacity 15822K, committed 16128K, reserved 1062912K
  class space    used 1848K, capacity 1965K, committed 2048K, reserved 1048576K
}
Event: 4.097 GC heap before
{Heap before GC invocations=7 (full 0):
 PSYoungGen      total 79872K, used 77100K [0x00000000d5b80000, 0x00000000dba80000, 0x0000000100000000)
  eden space 65536K, 100% used [0x00000000d5b80000,0x00000000d9b80000,0x00000000d9b80000)
  from space 14336K, 80% used [0x00000000daa80000,0x00000000db5cb2d0,0x00000000db880000)
  to   space 15360K, 0% used [0x00000000d9b80000,0x00000000d9b80000,0x00000000daa80000)
 ParOldGen       total 87552K, used 15018K [0x0000000081200000, 0x0000000086780000, 0x00000000d5b80000)
  object space 87552K, 17% used [0x0000000081200000,0x00000000820aa840,0x0000000086780000)
 Metaspace       used 18692K, capacity 18932K, committed 19072K, reserved 1067008K
  class space    used 2302K, capacity 2382K, committed 2432K, reserved 1048576K
Event: 4.157 GC heap after
Heap after GC invocations=7 (full 0):
 PSYoungGen      total 80896K, used 15328K [0x00000000d5b80000, 0x00000000dba80000, 0x0000000100000000)
  eden space 65536K, 0% used [0x00000000d5b80000,0x00000000d5b80000,0x00000000d9b80000)
  from space 15360K, 99% used [0x00000000d9b80000,0x00000000daa78010,0x00000000daa80000)
  to   space 14336K, 0% used [0x00000000daa80000,0x00000000daa80000,0x00000000db880000)
 ParOldGen       total 87552K, used 23844K [0x0000000081200000, 0x0000000086780000, 0x00000000d5b80000)
  object space 87552K, 27% used [0x0000000081200000,0x0000000082949170,0x0000000086780000)
 Metaspace       used 18692K, capacity 18932K, committed 19072K, reserved 1067008K
  class space    used 2302K, capacity 2382K, committed 2432K, reserved 1048576K
}

