# JRE version: Java(TM) SE Runtime Environment (8.0_144-b01) (build 1.8.0_144-b01)
# Java VM: Java HotSpot(TM) 64-Bit Server VM (25.144-b01 mixed mode windows-amd64 compressed oops)
Heap:
 PSYoungGen      total 143872K, used 11864K [0x00000000d5b80000, 0x00000000e0280000, 0x0000000100000000)
  eden space 129024K, 0% used [0x00000000d5b80000,0x00000000d5b80000,0x00000000dd980000)
  from space 14848K, 79% used [0x00000000dec00000,0x00000000df7960a8,0x00000000dfa80000)
  to   space 18944K, 0% used [0x00000000dd980000,0x00000000dd980000,0x00000000dec00000)
 ParOldGen       total 87552K, used 39769K [0x0000000081200000, 0x0000000086780000, 0x00000000d5b80000)
  object space 87552K, 45% used [0x0000000081200000,0x00000000838d66d0,0x0000000086780000)
 Metaspace       used 20829K, capacity 21092K, committed 21248K, reserved 1067008K
  class space    used 2619K, capacity 2744K, committed 2816K, reserved 1048576K
GC Heap History (10 events):
Event: 3.849 GC heap after
Heap after GC invocations=6 (full 0):
 PSYoungGen      total 78336K, used 8464K [0x00000000d5b80000, 0x00000000db380000, 0x0000000100000000)
  eden space 66560K, 0% used [0x00000000d5b80000,0x00000000d5b80000,0x00000000d9c80000)
  from space 11776K, 71% used [0x00000000da800000,0x00000000db044350,0x00000000db380000)
  to   space 11776K, 0% used [0x00000000d9c80000,0x00000000d9c80000,0x00000000da800000)
 ParOldGen       total 87552K, used 11927K [0x0000000081200000, 0x0000000086780000, 0x00000000d5b80000)
  object space 87552K, 13% used [0x0000000081200000,0x0000000081da5e68,0x0000000086780000)
 Metaspace       used 15144K, capacity 15394K, committed 15488K, reserved 1062912K
  class space    used 1787K, capacity 1901K, committed 1920K, reserved 1048576K
}
Event: 4.600 GC heap before
{Heap before GC invocations=7 (full 0):
 PSYoungGen      total 78336K, used 75024K [0x00000000d5b80000, 0x00000000db380000, 0x0000000100000000)
  eden space 66560K, 100% used [0x00000000d5b80000,0x00000000d9c80000,0x00000000d9c80000)
  from space 11776K, 71% used [0x00000000da800000,0x00000000db044350,0x00000000db380000)
  to   space 11776K, 0% used [0x00000000d9c80000,0x00000000d9c80000,0x00000000da800000)
 ParOldGen       total 87552K, used 11927K [0x0000000081200000, 0x0000000086780000, 0x00000000d5b80000)
  object space 87552K, 13% used [0x0000000081200000,0x0000000081da5e68,0x0000000086780000)
 Metaspace       used 15734K, capacity 16034K, committed 16384K, reserved 1062912K
  class space    used 1845K, capacity 1965K, committed 2048K, reserved 1048576K
Event: 4.634 GC heap after
Heap after GC invocations=7 (full 0):
 PSYoungGen      total 78336K, used 11769K [0x00000000d5b80000, 0x00000000dfa80000, 0x0000000100000000)
  eden space 66560K, 0% used [0x00000000d5b80000,0x00000000d5b80000,0x00000000d9c80000)
  from space 11776K, 99% used [0x00000000d9c80000,0x00000000da7fe658,0x00000000da800000)
  to   space 14848K, 0% used [0x00000000dec00000,0x00000000dec00000,0x00000000dfa80000)
 ParOldGen       total 87552K, used 14989K [0x0000000081200000, 0x0000000086780000, 0x00000000d5b80000)
  object space 87552K, 17% used [0x0000000081200000,0x00000000820a3518,0x0000000086780000)
 Metaspace       used 15734K, capacity 16034K, committed 16384K, reserved 1062912K
  class space    used 1845K, capacity 1965K, committed 2048K, reserved 1048576K
}
Event: 5.455 GC heap before
{Heap before GC invocations=8 (full 0):
 PSYoungGen      total 78336K, used 78329K [0x00000000d5b80000, 0x00000000dfa80000, 0x0000000100000000)
  eden space 66560K, 100% used [0x00000000d5b80000,0x00000000d9c80000,0x00000000d9c80000)
  from space 11776K, 99% used [0x00000000d9c80000,0x00000000da7fe658,0x00000000da800000)
  to   space 14848K, 0% used [0x00000000dec00000,0x00000000dec00000,0x00000000dfa80000)
 ParOldGen       total 87552K, used 14989K [0x0000000081200000, 0x0000000086780000, 0x00000000d5b80000)
  object space 87552K, 17% used [0x0000000081200000,0x00000000820a3518,0x0000000086780000)
 Metaspace       used 18603K, capacity 18856K, committed 19072K, reserved 1067008K
  class space    used 2248K, capacity 2350K, committed 2432K, reserved 1048576K
Event: 5.513 GC heap after
Heap after GC invocations=8 (full 0):
 PSYoungGen      total 143872K, used 14848K [0x00000000d5b80000, 0x00000000e0280000, 0x0000000100000000)
  eden space 129024K, 0% used [0x00000000d5b80000,0x00000000d5b80000,0x00000000dd980000)
  from space 14848K, 100% used [0x00000000dec00000,0x00000000dfa80000,0x00000000dfa80000)
  to   space 18944K, 0% used [0x00000000dd980000,0x00000000dd980000,0x00000000dec00000)
 ParOldGen       total 87552K, used 19445K [0x0000000081200000, 0x0000000086780000, 0x00000000d5b80000)
  object space 87552K, 22% used [0x0000000081200000,0x00000000824fd6f0,0x0000000086780000)
 Metaspace       used 18603K, capacity 18856K, committed 19072K, reserved 1067008K
  class space    used 2248K, capacity 2350K, committed 2432K, reserved 1048576K
}
Event: 6.930 GC heap before
{Heap before GC invocations=9 (full 0):
 PSYoungGen      total 143872K, used 143872K [0x00000000d5b80000, 0x00000000e0280000, 0x0000000100000000)
  eden space 129024K, 100% used [0x00000000d5b80000,0x00000000dd980000,0x00000000dd980000)
  from space 14848K, 100% used [0x00000000dec00000,0x00000000dfa80000,0x00000000dfa80000)
  to   space 18944K, 0% used [0x00000000dd980000,0x00000000dd980000,0x00000000dec00000)
 ParOldGen       total 87552K, used 19445K [0x0000000081200000, 0x0000000086780000, 0x00000000d5b80000)
  object space 87552K, 22% used [0x0000000081200000,0x00000000824fd6f0,0x0000000086780000)
 Metaspace       used 20023K, capacity 20312K, committed 20608K, reserved 1067008K
  class space    used 2522K, capacity 2614K, committed 2688K, reserved 1048576K
Event: 7.029 GC heap after
Heap after GC invocations=9 (full 0):
 PSYoungGen      total 147968K, used 18944K [0x00000000d5b80000, 0x00000000e0280000, 0x0000000100000000)
  eden space 129024K, 0% used [0x00000000d5b80000,0x00000000d5b80000,0x00000000dd980000)
  from space 18944K, 100% used [0x00000000dd980000,0x00000000dec00000,0x00000000dec00000)
  to   space 14848K, 0% used [0x00000000dec00000,0x00000000dec00000,0x00000000dfa80000)
 ParOldGen       total 87552K, used 30913K [0x0000000081200000, 0x0000000086780000, 0x00000000d5b80000)
  object space 87552K, 35% used [0x0000000081200000,0x00000000830306d0,0x0000000086780000)
 Metaspace       used 20023K, capacity 20312K, committed 20608K, reserved 1067008K
  class space    used 2522K, capacity 2614K, committed 2688K, reserved 1048576K
}
Event: 7.373 GC heap before
{Heap before GC invocations=10 (full 0):
 PSYoungGen      total 147968K, used 39657K [0x00000000d5b80000, 0x00000000e0280000, 0x0000000100000000)
  eden space 129024K, 16% used [0x00000000d5b80000,0x00000000d6fba768,0x00000000dd980000)
  from space 18944K, 100% used [0x00000000dd980000,0x00000000dec00000,0x00000000dec00000)
  to   space 14848K, 0% used [0x00000000dec00000,0x00000000dec00000,0x00000000dfa80000)
 ParOldGen       total 87552K, used 30913K [0x0000000081200000, 0x0000000086780000, 0x00000000d5b80000)
  object space 87552K, 35% used [0x0000000081200000,0x00000000830306d0,0x0000000086780000)
 Metaspace       used 20829K, capacity 21092K, committed 21248K, reserved 1067008K
  class space    used 2619K, capacity 2744K, committed 2816K, reserved 1048576K
Event: 7.426 GC heap after
Heap after GC invocations=10 (full 0):
 PSYoungGen      total 143872K, used 11864K [0x00000000d5b80000, 0x00000000e0280000, 0x0000000100000000)
  eden space 129024K, 0% used [0x00000000d5b80000,0x00000000d5b80000,0x00000000dd980000)
  from space 14848K, 79% used [0x00000000dec00000,0x00000000df7960a8,0x00000000dfa80000)
  to   space 18944K, 0% used [0x00000000dd980000,0x00000000dd980000,0x00000000dec00000)
 ParOldGen       total 87552K, used 39769K [0x0000000081200000, 0x0000000086780000, 0x00000000d5b80000)
  object space 87552K, 45% used [0x0000000081200000,0x00000000838d66d0,0x0000000086780000)
 Metaspace       used 20829K, capacity 21092K, committed 21248K, reserved 1067008K
  class space    used 2619K, capacity 2744K, committed 2816K, reserved 1048576K
}
Event: 7.426 GC heap before
{Heap before GC invocations=11 (full 1):
 PSYoungGen      total 143872K, used 11864K [0x00000000d5b80000, 0x00000000e0280000, 0x0000000100000000)
  eden space 129024K, 0% used [0x00000000d5b80000,0x00000000d5b80000,0x00000000dd980000)
  from space 14848K, 79% used [0x00000000dec00000,0x00000000df7960a8,0x00000000dfa80000)
  to   space 18944K, 0% used [0x00000000dd980000,0x00000000dd980000,0x00000000dec00000)
 ParOldGen       total 87552K, used 39769K [0x0000000081200000, 0x0000000086780000, 0x00000000d5b80000)
  object space 87552K, 45% used [0x0000000081200000,0x00000000838d66d0,0x0000000086780000)
 Metaspace       used 20829K, capacity 21092K, committed 21248K, reserved 1067008K
  class space    used 2619K, capacity 2744K, committed 2816K, reserved 1048576K

