# JRE version: Java(TM) SE Runtime Environment (8.0_144-b01) (build 1.8.0_144-b01)
# Java VM: Java HotSpot(TM) 64-Bit Server VM (25.144-b01 mixed mode windows-amd64 compressed oops)
Heap:
 PSYoungGen      total 151552K, used 38468K [0x00000000d5b80000, 0x00000000e0880000, 0x0000000100000000)
  eden space 129536K, 29% used [0x00000000d5b80000,0x00000000d8111090,0x00000000dda00000)
  from space 22016K, 0% used [0x00000000dda00000,0x00000000dda00000,0x00000000def80000)
  to   space 18432K, 0% used [0x00000000def80000,0x00000000def80000,0x00000000e0180000)
 ParOldGen       total 87552K, used 48400K [0x0000000081200000, 0x0000000086780000, 0x00000000d5b80000)
  object space 87552K, 55% used [0x0000000081200000,0x0000000084144310,0x0000000086780000)
 Metaspace       used 23600K, capacity 23892K, committed 24192K, reserved 1071104K
  class space    used 2993K, capacity 3102K, committed 3200K, reserved 1048576K
GC Heap History (10 events):
Event: 2.462 GC heap before
{Heap before GC invocations=4 (full 0):
 PSYoungGen      total 38400K, used 38379K [0x00000000d5b80000, 0x00000000da680000, 0x0000000100000000)
  eden space 33280K, 100% used [0x00000000d5b80000,0x00000000d7c00000,0x00000000d7c00000)
  from space 5120K, 99% used [0x00000000d7c00000,0x00000000d80fad20,0x00000000d8100000)
  to   space 5120K, 0% used [0x00000000da180000,0x00000000da180000,0x00000000da680000)
 ParOldGen       total 87552K, used 4541K [0x0000000081200000, 0x0000000086780000, 0x00000000d5b80000)
  object space 87552K, 5% used [0x0000000081200000,0x000000008166f4e0,0x0000000086780000)
 Metaspace       used 14161K, capacity 14406K, committed 14592K, reserved 1062912K
  class space    used 1672K, capacity 1769K, committed 1792K, reserved 1048576K
Event: 2.471 GC heap after
Heap after GC invocations=4 (full 0):
 PSYoungGen      total 71680K, used 5103K [0x00000000d5b80000, 0x00000000da680000, 0x0000000100000000)
  eden space 66560K, 0% used [0x00000000d5b80000,0x00000000d5b80000,0x00000000d9c80000)
  from space 5120K, 99% used [0x00000000da180000,0x00000000da67bf08,0x00000000da680000)
  to   space 5120K, 0% used [0x00000000d9c80000,0x00000000d9c80000,0x00000000da180000)
 ParOldGen       total 87552K, used 8147K [0x0000000081200000, 0x0000000086780000, 0x00000000d5b80000)
  object space 87552K, 9% used [0x0000000081200000,0x00000000819f4e38,0x0000000086780000)
 Metaspace       used 14161K, capacity 14406K, committed 14592K, reserved 1062912K
  class space    used 1672K, capacity 1769K, committed 1792K, reserved 1048576K
}
Event: 2.933 GC heap before
{Heap before GC invocations=5 (full 0):
 PSYoungGen      total 71680K, used 71663K [0x00000000d5b80000, 0x00000000da680000, 0x0000000100000000)
  eden space 66560K, 100% used [0x00000000d5b80000,0x00000000d9c80000,0x00000000d9c80000)
  from space 5120K, 99% used [0x00000000da180000,0x00000000da67bf08,0x00000000da680000)
  to   space 5120K, 0% used [0x00000000d9c80000,0x00000000d9c80000,0x00000000da180000)
 ParOldGen       total 87552K, used 8147K [0x0000000081200000, 0x0000000086780000, 0x00000000d5b80000)
  object space 87552K, 9% used [0x0000000081200000,0x00000000819f4e38,0x0000000086780000)
 Metaspace       used 15539K, capacity 15838K, committed 16128K, reserved 1062912K
  class space    used 1844K, capacity 1965K, committed 2048K, reserved 1048576K
Event: 2.987 GC heap after
Heap after GC invocations=5 (full 0):
 PSYoungGen      total 71680K, used 5097K [0x00000000d5b80000, 0x00000000e0180000, 0x0000000100000000)
  eden space 66560K, 0% used [0x00000000d5b80000,0x00000000d5b80000,0x00000000d9c80000)
  from space 5120K, 99% used [0x00000000d9c80000,0x00000000da17a4f8,0x00000000da180000)
  to   space 18432K, 0% used [0x00000000def80000,0x00000000def80000,0x00000000e0180000)
 ParOldGen       total 87552K, used 21385K [0x0000000081200000, 0x0000000086780000, 0x00000000d5b80000)
  object space 87552K, 24% used [0x0000000081200000,0x00000000826e2718,0x0000000086780000)
 Metaspace       used 15539K, capacity 15838K, committed 16128K, reserved 1062912K
  class space    used 1844K, capacity 1965K, committed 2048K, reserved 1048576K
}
Event: 3.434 GC heap before
{Heap before GC invocations=6 (full 0):
 PSYoungGen      total 71680K, used 71657K [0x00000000d5b80000, 0x00000000e0180000, 0x0000000100000000)
  eden space 66560K, 100% used [0x00000000d5b80000,0x00000000d9c80000,0x00000000d9c80000)
  from space 5120K, 99% used [0x00000000d9c80000,0x00000000da17a4f8,0x00000000da180000)
  to   space 18432K, 0% used [0x00000000def80000,0x00000000def80000,0x00000000e0180000)
 ParOldGen       total 87552K, used 21385K [0x0000000081200000, 0x0000000086780000, 0x00000000d5b80000)
  object space 87552K, 24% used [0x0000000081200000,0x00000000826e2718,0x0000000086780000)
 Metaspace       used 18732K, capacity 18980K, committed 19072K, reserved 1067008K
  class space    used 2305K, capacity 2414K, committed 2432K, reserved 1048576K
Event: 3.487 GC heap after
Heap after GC invocations=6 (full 0):
 PSYoungGen      total 147968K, used 17935K [0x00000000d5b80000, 0x00000000e0880000, 0x0000000100000000)
  eden space 129536K, 0% used [0x00000000d5b80000,0x00000000d5b80000,0x00000000dda00000)
  from space 18432K, 97% used [0x00000000def80000,0x00000000e0103d10,0x00000000e0180000)
  to   space 22016K, 0% used [0x00000000dda00000,0x00000000dda00000,0x00000000def80000)
 ParOldGen       total 87552K, used 21393K [0x0000000081200000, 0x0000000086780000, 0x00000000d5b80000)
  object space 87552K, 24% used [0x0000000081200000,0x00000000826e4718,0x0000000086780000)
 Metaspace       used 18732K, capacity 18980K, committed 19072K, reserved 1067008K
  class space    used 2305K, capacity 2414K, committed 2432K, reserved 1048576K
}
Event: 4.254 GC heap before
{Heap before GC invocations=7 (full 0):
 PSYoungGen      total 147968K, used 100717K [0x00000000d5b80000, 0x00000000e0880000, 0x0000000100000000)
  eden space 129536K, 63% used [0x00000000d5b80000,0x00000000dac579e8,0x00000000dda00000)
  from space 18432K, 97% used [0x00000000def80000,0x00000000e0103d10,0x00000000e0180000)
  to   space 22016K, 0% used [0x00000000dda00000,0x00000000dda00000,0x00000000def80000)
 ParOldGen       total 87552K, used 21393K [0x0000000081200000, 0x0000000086780000, 0x00000000d5b80000)
  object space 87552K, 24% used [0x0000000081200000,0x00000000826e4718,0x0000000086780000)
 Metaspace       used 20834K, capacity 21088K, committed 21248K, reserved 1067008K
  class space    used 2650K, capacity 2744K, committed 2816K, reserved 1048576K
Event: 4.357 GC heap after
Heap after GC invocations=7 (full 0):
 PSYoungGen      total 151552K, used 22000K [0x00000000d5b80000, 0x00000000e0880000, 0x0000000100000000)
  eden space 129536K, 0% used [0x00000000d5b80000,0x00000000d5b80000,0x00000000dda00000)
  from space 22016K, 99% used [0x00000000dda00000,0x00000000def7c020,0x00000000def80000)
  to   space 18432K, 0% used [0x00000000def80000,0x00000000def80000,0x00000000e0180000)
 ParOldGen       total 87552K, used 29380K [0x0000000081200000, 0x0000000086780000, 0x00000000d5b80000)
  object space 87552K, 33% used [0x0000000081200000,0x0000000082eb10f0,0x0000000086780000)
 Metaspace       used 20834K, capacity 21088K, committed 21248K, reserved 1067008K
  class space    used 2650K, capacity 2744K, committed 2816K, reserved 1048576K
}
Event: 4.357 GC heap before
{Heap before GC invocations=8 (full 1):
 PSYoungGen      total 151552K, used 22000K [0x00000000d5b80000, 0x00000000e0880000, 0x0000000100000000)
  eden space 129536K, 0% used [0x00000000d5b80000,0x00000000d5b80000,0x00000000dda00000)
  from space 22016K, 99% used [0x00000000dda00000,0x00000000def7c020,0x00000000def80000)
  to   space 18432K, 0% used [0x00000000def80000,0x00000000def80000,0x00000000e0180000)
 ParOldGen       total 87552K, used 29380K [0x0000000081200000, 0x0000000086780000, 0x00000000d5b80000)
  object space 87552K, 33% used [0x0000000081200000,0x0000000082eb10f0,0x0000000086780000)
 Metaspace       used 20834K, capacity 21088K, committed 21248K, reserved 1067008K
  class space    used 2650K, capacity 2744K, committed 2816K, reserved 1048576K
Event: 4.828 GC heap after
Heap after GC invocations=8 (full 1):
 PSYoungGen      total 151552K, used 0K [0x00000000d5b80000, 0x00000000e0880000, 0x0000000100000000)
  eden space 129536K, 0% used [0x00000000d5b80000,0x00000000d5b80000,0x00000000dda00000)
  from space 22016K, 0% used [0x00000000dda00000,0x00000000dda00000,0x00000000def80000)
  to   space 18432K, 0% used [0x00000000def80000,0x00000000def80000,0x00000000e0180000)
 ParOldGen       total 87552K, used 48400K [0x0000000081200000, 0x0000000086780000, 0x00000000d5b80000)
  object space 87552K, 55% used [0x0000000081200000,0x0000000084144310,0x0000000086780000)
 Metaspace       used 20834K, capacity 21088K, committed 21248K, reserved 1067008K
  class space    used 2650K, capacity 2744K, committed 2816K, reserved 1048576K
}

