# JRE version: Java(TM) SE Runtime Environment (8.0_144-b01) (build 1.8.0_144-b01)
# Java VM: Java HotSpot(TM) 64-Bit Server VM (25.144-b01 mixed mode windows-amd64 compressed oops)
Heap:
 PSYoungGen      total 230912K, used 31117K [0x00000000d5b80000, 0x00000000e5680000, 0x0000000100000000)
  eden space 206848K, 15% used [0x00000000d5b80000,0x00000000d79e3548,0x00000000e2580000)
  from space 24064K, 0% used [0x00000000e3f00000,0x00000000e3f00000,0x00000000e5680000)
  to   space 25088K, 0% used [0x00000000e2580000,0x00000000e2580000,0x00000000e3e00000)
 ParOldGen       total 87552K, used 47803K [0x0000000081200000, 0x0000000086780000, 0x00000000d5b80000)
  object space 87552K, 54% used [0x0000000081200000,0x00000000840aeda0,0x0000000086780000)
 Metaspace       used 22667K, capacity 22936K, committed 23296K, reserved 1069056K
  class space    used 2869K, capacity 2974K, committed 3072K, reserved 1048576K
GC Heap History (10 events):
Event: 5.013 GC heap before
{Heap before GC invocations=7 (full 0):
 PSYoungGen      total 78336K, used 75037K [0x00000000d5b80000, 0x00000000db380000, 0x0000000100000000)
  eden space 66560K, 100% used [0x00000000d5b80000,0x00000000d9c80000,0x00000000d9c80000)
  from space 11776K, 71% used [0x00000000da800000,0x00000000db047700,0x00000000db380000)
  to   space 11776K, 0% used [0x00000000d9c80000,0x00000000d9c80000,0x00000000da800000)
 ParOldGen       total 87552K, used 11898K [0x0000000081200000, 0x0000000086780000, 0x00000000d5b80000)
  object space 87552K, 13% used [0x0000000081200000,0x0000000081d9ea08,0x0000000086780000)
 Metaspace       used 15719K, capacity 16034K, committed 16384K, reserved 1062912K
  class space    used 1845K, capacity 1965K, committed 2048K, reserved 1048576K
Event: 5.054 GC heap after
Heap after GC invocations=7 (full 0):
 PSYoungGen      total 78336K, used 11776K [0x00000000d5b80000, 0x00000000dfa80000, 0x0000000100000000)
  eden space 66560K, 0% used [0x00000000d5b80000,0x00000000d5b80000,0x00000000d9c80000)
  from space 11776K, 100% used [0x00000000d9c80000,0x00000000da800000,0x00000000da800000)
  to   space 14848K, 0% used [0x00000000dec00000,0x00000000dec00000,0x00000000dfa80000)
 ParOldGen       total 87552K, used 14978K [0x0000000081200000, 0x0000000086780000, 0x00000000d5b80000)
  object space 87552K, 17% used [0x0000000081200000,0x00000000820a0990,0x0000000086780000)
 Metaspace       used 15719K, capacity 16034K, committed 16384K, reserved 1062912K
  class space    used 1845K, capacity 1965K, committed 2048K, reserved 1048576K
}
Event: 5.975 GC heap before
{Heap before GC invocations=8 (full 0):
 PSYoungGen      total 78336K, used 78336K [0x00000000d5b80000, 0x00000000dfa80000, 0x0000000100000000)
  eden space 66560K, 100% used [0x00000000d5b80000,0x00000000d9c80000,0x00000000d9c80000)
  from space 11776K, 100% used [0x00000000d9c80000,0x00000000da800000,0x00000000da800000)
  to   space 14848K, 0% used [0x00000000dec00000,0x00000000dec00000,0x00000000dfa80000)
 ParOldGen       total 87552K, used 14978K [0x0000000081200000, 0x0000000086780000, 0x00000000d5b80000)
  object space 87552K, 17% used [0x0000000081200000,0x00000000820a0990,0x0000000086780000)
 Metaspace       used 18587K, capacity 18856K, committed 19072K, reserved 1067008K
  class space    used 2253K, capacity 2350K, committed 2432K, reserved 1048576K
Event: 6.033 GC heap after
Heap after GC invocations=8 (full 0):
 PSYoungGen      total 143872K, used 14848K [0x00000000d5b80000, 0x00000000e0280000, 0x0000000100000000)
  eden space 129024K, 0% used [0x00000000d5b80000,0x00000000d5b80000,0x00000000dd980000)
  from space 14848K, 100% used [0x00000000dec00000,0x00000000dfa80000,0x00000000dfa80000)
  to   space 18944K, 0% used [0x00000000dd980000,0x00000000dd980000,0x00000000dec00000)
 ParOldGen       total 87552K, used 19389K [0x0000000081200000, 0x0000000086780000, 0x00000000d5b80000)
  object space 87552K, 22% used [0x0000000081200000,0x00000000824ef438,0x0000000086780000)
 Metaspace       used 18587K, capacity 18856K, committed 19072K, reserved 1067008K
  class space    used 2253K, capacity 2350K, committed 2432K, reserved 1048576K
}
Event: 7.396 GC heap before
{Heap before GC invocations=9 (full 0):
 PSYoungGen      total 143872K, used 143872K [0x00000000d5b80000, 0x00000000e0280000, 0x0000000100000000)
  eden space 129024K, 100% used [0x00000000d5b80000,0x00000000dd980000,0x00000000dd980000)
  from space 14848K, 100% used [0x00000000dec00000,0x00000000dfa80000,0x00000000dfa80000)
  to   space 18944K, 0% used [0x00000000dd980000,0x00000000dd980000,0x00000000dec00000)
 ParOldGen       total 87552K, used 19389K [0x0000000081200000, 0x0000000086780000, 0x00000000d5b80000)
  object space 87552K, 22% used [0x0000000081200000,0x00000000824ef438,0x0000000086780000)
 Metaspace       used 19893K, capacity 20216K, committed 20608K, reserved 1067008K
  class space    used 2493K, capacity 2582K, committed 2688K, reserved 1048576K
Event: 7.497 GC heap after
Heap after GC invocations=9 (full 0):
 PSYoungGen      total 147968K, used 18912K [0x00000000d5b80000, 0x00000000e5880000, 0x0000000100000000)
  eden space 129024K, 0% used [0x00000000d5b80000,0x00000000d5b80000,0x00000000dd980000)
  from space 18944K, 99% used [0x00000000dd980000,0x00000000debf8020,0x00000000dec00000)
  to   space 26112K, 0% used [0x00000000e3f00000,0x00000000e3f00000,0x00000000e5880000)
 ParOldGen       total 87552K, used 30404K [0x0000000081200000, 0x0000000086780000, 0x00000000d5b80000)
  object space 87552K, 34% used [0x0000000081200000,0x0000000082fb12b0,0x0000000086780000)
 Metaspace       used 19893K, capacity 20216K, committed 20608K, reserved 1067008K
  class space    used 2493K, capacity 2582K, committed 2688K, reserved 1048576K
}
Event: 7.906 GC heap before
{Heap before GC invocations=10 (full 0):
 PSYoungGen      total 147968K, used 42564K [0x00000000d5b80000, 0x00000000e5880000, 0x0000000100000000)
  eden space 129024K, 18% used [0x00000000d5b80000,0x00000000d7299088,0x00000000dd980000)
  from space 18944K, 99% used [0x00000000dd980000,0x00000000debf8020,0x00000000dec00000)
  to   space 26112K, 0% used [0x00000000e3f00000,0x00000000e3f00000,0x00000000e5880000)
 ParOldGen       total 87552K, used 30404K [0x0000000081200000, 0x0000000086780000, 0x00000000d5b80000)
  object space 87552K, 34% used [0x0000000081200000,0x0000000082fb12b0,0x0000000086780000)
 Metaspace       used 20814K, capacity 21092K, committed 21248K, reserved 1067008K
  class space    used 2619K, capacity 2744K, committed 2816K, reserved 1048576K
Event: 7.960 GC heap after
Heap after GC invocations=10 (full 0):
 PSYoungGen      total 230912K, used 11993K [0x00000000d5b80000, 0x00000000e5680000, 0x0000000100000000)
  eden space 206848K, 0% used [0x00000000d5b80000,0x00000000d5b80000,0x00000000e2580000)
  from space 24064K, 49% used [0x00000000e3f00000,0x00000000e4ab6618,0x00000000e5680000)
  to   space 25088K, 0% used [0x00000000e2580000,0x00000000e2580000,0x00000000e3e00000)
 ParOldGen       total 87552K, used 39620K [0x0000000081200000, 0x0000000086780000, 0x00000000d5b80000)
  object space 87552K, 45% used [0x0000000081200000,0x00000000838b12b0,0x0000000086780000)
 Metaspace       used 20814K, capacity 21092K, committed 21248K, reserved 1067008K
  class space    used 2619K, capacity 2744K, committed 2816K, reserved 1048576K
}
Event: 7.960 GC heap before
{Heap before GC invocations=11 (full 1):
 PSYoungGen      total 230912K, used 11993K [0x00000000d5b80000, 0x00000000e5680000, 0x0000000100000000)
  eden space 206848K, 0% used [0x00000000d5b80000,0x00000000d5b80000,0x00000000e2580000)
  from space 24064K, 49% used [0x00000000e3f00000,0x00000000e4ab6618,0x00000000e5680000)
  to   space 25088K, 0% used [0x00000000e2580000,0x00000000e2580000,0x00000000e3e00000)
 ParOldGen       total 87552K, used 39620K [0x0000000081200000, 0x0000000086780000, 0x00000000d5b80000)
  object space 87552K, 45% used [0x0000000081200000,0x00000000838b12b0,0x0000000086780000)
 Metaspace       used 20814K, capacity 21092K, committed 21248K, reserved 1067008K
  class space    used 2619K, capacity 2744K, committed 2816K, reserved 1048576K
Event: 8.563 GC heap after
Heap after GC invocations=11 (full 1):
 PSYoungGen      total 230912K, used 0K [0x00000000d5b80000, 0x00000000e5680000, 0x0000000100000000)
  eden space 206848K, 0% used [0x00000000d5b80000,0x00000000d5b80000,0x00000000e2580000)
  from space 24064K, 0% used [0x00000000e3f00000,0x00000000e3f00000,0x00000000e5680000)
  to   space 25088K, 0% used [0x00000000e2580000,0x00000000e2580000,0x00000000e3e00000)
 ParOldGen       total 87552K, used 47803K [0x0000000081200000, 0x0000000086780000, 0x00000000d5b80000)
  object space 87552K, 54% used [0x0000000081200000,0x00000000840aeda0,0x0000000086780000)
 Metaspace       used 20814K, capacity 21092K, committed 21248K, reserved 1067008K
  class space    used 2619K, capacity 2744K, committed 2816K, reserved 1048576K
}

